<?xml version="1.0" encoding="UTF-8"?>
<!-- Generated by org.testng.reporters.JUnitReportReporter -->
<testsuite hostname="DESKTOP-JSAE176" failures="0" tests="3" name="com.testNG.Java.TestFramework" time="0.016" errors="0" timestamp="2024-08-17T14:52:07 IST" skipped="0">
  <testcase classname="com.testNG.Java.TestFramework" name="a_Test" time="0.013"/>
  <system-out/>
  <testcase classname="com.testNG.Java.TestFramework" name="b_Test" time="0.001"/>
  <system-out/>
  <testcase classname="com.testNG.Java.TestFramework" name="c_Test" time="0.002"/>
  <system-out/>
</testsuite> <!-- com.testNG.Java.TestFramework -->
